11/17/2023 06:41:07 - INFO - __main__ - ** The job is running with the following arguments: **
Namespace(dataset_name='data', add_metadata=False, num_load_proc=64, text_column='content', split='train', batch_size=100, seed=0, num_proc=96, no_redaction=False, load_replacements=True, add_reference_text=True, check_all_files=False, check_sampling_size=0, save_mode='local', save_mode_checks='hub', target_dataset='bigcode-pii2', hub_username='loubnabnl', save_path_disk='$LANG-no-pii-local')
 **** 
11/17/2023 06:41:07 - INFO - __main__ -  ===== Loading data =====
11/17/2023 06:41:07 - INFO - datasets.builder - Using custom data configuration default-595f2d572c9516a3
11/17/2023 06:41:07 - INFO - datasets.info - Loading Dataset Infos from C:\codepiiworkingdataset\piienv\lib\site-packages\datasets\packaged_modules\json
11/17/2023 06:41:07 - INFO - datasets.builder - Generating dataset data (C:/Users/abhishek.shingan/.cache/huggingface/datasets/data/default-595f2d572c9516a3/0.0.0/8bb11242116d547c741b2e8a1f18598ffdd40a1d4f2a2872c7a28b697434bc96)
11/17/2023 06:41:08 - INFO - datasets.builder - Downloading and preparing dataset data/default to C:/Users/abhishek.shingan/.cache/huggingface/datasets/data/default-595f2d572c9516a3/0.0.0/8bb11242116d547c741b2e8a1f18598ffdd40a1d4f2a2872c7a28b697434bc96...
11/17/2023 06:41:08 - INFO - datasets.builder - Dataset not on Hf google storage. Downloading and preparing it from source
11/17/2023 06:41:08 - INFO - datasets.download.download_manager - Downloading took 0.0 min
11/17/2023 06:41:08 - INFO - datasets.download.download_manager - Checksum Computation took 0.0 min
11/17/2023 06:41:08 - INFO - datasets.builder - Generating train split
11/17/2023 06:41:08 - WARNING - datasets.builder - Setting num_proc from 64 back to 1 for the train split to disable multiprocessing as it only contains one shard.
11/17/2023 06:41:08 - INFO - datasets.utils.info_utils - Unable to verify splits sizes.
11/17/2023 06:41:08 - INFO - datasets.builder - Dataset data downloaded and prepared to C:/Users/abhishek.shingan/.cache/huggingface/datasets/data/default-595f2d572c9516a3/0.0.0/8bb11242116d547c741b2e8a1f18598ffdd40a1d4f2a2872c7a28b697434bc96. Subsequent calls will reuse this data.
11/17/2023 06:41:08 - INFO - __main__ -  ===== Deduplicating dataset =====
11/17/2023 06:48:32 - INFO - __main__ - ** The job is running with the following arguments: **
Namespace(dataset_name='data', add_metadata=False, num_load_proc=64, text_column='content', split='train', batch_size=100, seed=0, num_proc=96, no_redaction=False, load_replacements=True, add_reference_text=True, check_all_files=False, check_sampling_size=0, save_mode='local', save_mode_checks='hub', target_dataset='bigcode-pii2', hub_username='loubnabnl', save_path_disk='$LANG-no-pii-local')
 **** 
11/17/2023 06:48:32 - INFO - __main__ -  ===== Loading data =====
11/17/2023 06:48:32 - INFO - datasets.builder - Using custom data configuration default-595f2d572c9516a3
11/17/2023 06:48:32 - INFO - datasets.info - Loading Dataset Infos from C:\codepiiworkingdataset\piienv\lib\site-packages\datasets\packaged_modules\json
11/17/2023 06:48:32 - INFO - datasets.builder - Overwrite dataset info from restored data version if exists.
11/17/2023 06:48:32 - INFO - datasets.info - Loading Dataset info from C:\Users\abhishek.shingan\.cache\huggingface\datasets\data\default-595f2d572c9516a3\0.0.0\8bb11242116d547c741b2e8a1f18598ffdd40a1d4f2a2872c7a28b697434bc96
11/17/2023 06:48:33 - INFO - datasets.builder - Found cached dataset data (C:/Users/abhishek.shingan/.cache/huggingface/datasets/data/default-595f2d572c9516a3/0.0.0/8bb11242116d547c741b2e8a1f18598ffdd40a1d4f2a2872c7a28b697434bc96)
11/17/2023 06:48:33 - INFO - datasets.info - Loading Dataset info from C:/Users/abhishek.shingan/.cache/huggingface/datasets/data/default-595f2d572c9516a3/0.0.0/8bb11242116d547c741b2e8a1f18598ffdd40a1d4f2a2872c7a28b697434bc96
11/17/2023 06:48:33 - INFO - __main__ -  ===== Applying PII redaction =====
11/17/2023 06:48:33 - INFO - root - Using the following replacements:
{'EMAIL': ['<EMAIL>'],
 'IP_ADDRESS': {'IPv4': ['172.16.31.10',
                         '172.16.58.3',
                         '172.16.17.32',
                         '192.168.127.12',
                         '192.168.3.11'],
                'IPv6': ['fd00:c2b6:b24b:be67:2827:688d:e6a1:6a3b',
                         'fd00:a516:7c1b:17cd:6d81:2137:bd2a:2c5b',
                         'fc00:e968:6179::de52:7100',
                         'fc00:db20:35b:7399::5',
                         'fdf8:f53e:61e4::18']},
 'KEY': ['<KEY>'],
 'NAME': ['<NAME>'],
 'PASSWORD': ['<PASSWORD>']}
11/17/2023 06:49:46 - INFO - __main__ - ** The job is running with the following arguments: **
Namespace(dataset_name='data', add_metadata=False, num_load_proc=64, text_column='content', split='train', batch_size=100, seed=0, num_proc=96, no_redaction=False, load_replacements=True, add_reference_text=True, check_all_files=False, check_sampling_size=0, save_mode='local', save_mode_checks='hub', target_dataset='bigcode-pii2', hub_username='loubnabnl', save_path_disk='$LANG-no-pii-local')
 **** 
11/17/2023 06:49:46 - INFO - __main__ -  ===== Loading data =====
11/17/2023 06:49:46 - INFO - datasets.builder - Using custom data configuration default-595f2d572c9516a3
11/17/2023 06:49:46 - INFO - datasets.info - Loading Dataset Infos from C:\codepiiworkingdataset\piienv\lib\site-packages\datasets\packaged_modules\json
11/17/2023 06:49:46 - INFO - datasets.builder - Overwrite dataset info from restored data version if exists.
11/17/2023 06:49:46 - INFO - datasets.info - Loading Dataset info from C:\Users\abhishek.shingan\.cache\huggingface\datasets\data\default-595f2d572c9516a3\0.0.0\8bb11242116d547c741b2e8a1f18598ffdd40a1d4f2a2872c7a28b697434bc96
11/17/2023 06:49:47 - INFO - datasets.builder - Found cached dataset data (C:/Users/abhishek.shingan/.cache/huggingface/datasets/data/default-595f2d572c9516a3/0.0.0/8bb11242116d547c741b2e8a1f18598ffdd40a1d4f2a2872c7a28b697434bc96)
11/17/2023 06:49:47 - INFO - datasets.info - Loading Dataset info from C:/Users/abhishek.shingan/.cache/huggingface/datasets/data/default-595f2d572c9516a3/0.0.0/8bb11242116d547c741b2e8a1f18598ffdd40a1d4f2a2872c7a28b697434bc96
11/17/2023 06:49:47 - INFO - __main__ -  ===== Deduplicating dataset =====
11/17/2023 06:49:47 - INFO - __main__ - Fraction of duplicates: 0.00%
11/17/2023 06:49:47 - INFO - __main__ - Dataset:
Dataset({
    features: ['lang', 'content'],
    num_rows: 1
})
11/17/2023 06:59:39 - INFO - __main__ - ** The job is running with the following arguments: **
Namespace(dataset_name='data', add_metadata=False, num_load_proc=64, text_column='content', split='train', batch_size=100, seed=0, num_proc=96, no_redaction=False, load_replacements=True, add_reference_text=True, check_all_files=False, check_sampling_size=0, save_mode='local', save_mode_checks='hub', target_dataset='bigcode-pii2', hub_username='loubnabnl', save_path_disk='$LANG-no-pii-local')
 **** 
11/17/2023 06:59:39 - INFO - __main__ -  ===== Loading data =====
11/17/2023 06:59:39 - INFO - datasets.builder - Using custom data configuration default-595f2d572c9516a3
11/17/2023 06:59:39 - INFO - datasets.info - Loading Dataset Infos from C:\codepiiworkingdataset\piienv\lib\site-packages\datasets\packaged_modules\json
11/17/2023 06:59:39 - INFO - datasets.builder - Overwrite dataset info from restored data version if exists.
11/17/2023 06:59:39 - INFO - datasets.info - Loading Dataset info from C:\Users\abhishek.shingan\.cache\huggingface\datasets\data\default-595f2d572c9516a3\0.0.0\8bb11242116d547c741b2e8a1f18598ffdd40a1d4f2a2872c7a28b697434bc96
11/17/2023 06:59:40 - INFO - datasets.builder - Found cached dataset data (C:/Users/abhishek.shingan/.cache/huggingface/datasets/data/default-595f2d572c9516a3/0.0.0/8bb11242116d547c741b2e8a1f18598ffdd40a1d4f2a2872c7a28b697434bc96)
11/17/2023 06:59:40 - INFO - datasets.info - Loading Dataset info from C:/Users/abhishek.shingan/.cache/huggingface/datasets/data/default-595f2d572c9516a3/0.0.0/8bb11242116d547c741b2e8a1f18598ffdd40a1d4f2a2872c7a28b697434bc96
11/17/2023 06:59:40 - INFO - __main__ -  ===== Applying PII redaction =====
11/17/2023 06:59:40 - INFO - root - Using the following replacements:
{'EMAIL': ['<EMAIL>'],
 'IP_ADDRESS': {'IPv4': ['172.16.31.10',
                         '172.16.58.3',
                         '172.16.17.32',
                         '192.168.127.12',
                         '192.168.3.11'],
                'IPv6': ['fd00:c2b6:b24b:be67:2827:688d:e6a1:6a3b',
                         'fd00:a516:7c1b:17cd:6d81:2137:bd2a:2c5b',
                         'fc00:e968:6179::de52:7100',
                         'fc00:db20:35b:7399::5',
                         'fdf8:f53e:61e4::18']},
 'KEY': ['<KEY>'],
 'NAME': ['<NAME>'],
 'PASSWORD': ['<PASSWORD>']}
11/17/2023 07:11:02 - INFO - __main__ - ** The job is running with the following arguments: **
Namespace(dataset_name='data', add_metadata=False, num_load_proc=64, text_column='content', split='train', batch_size=100, seed=0, num_proc=96, no_redaction=False, load_replacements=True, add_reference_text=True, check_all_files=False, check_sampling_size=0, save_mode='local', save_mode_checks='hub', target_dataset='bigcode-pii2', hub_username='loubnabnl', save_path_disk='$LANG-no-pii-local')
 **** 
11/17/2023 07:11:02 - INFO - __main__ -  ===== Loading data =====
11/17/2023 07:11:02 - INFO - datasets.builder - Using custom data configuration default-595f2d572c9516a3
11/17/2023 07:11:02 - INFO - datasets.info - Loading Dataset Infos from C:\codepiiworkingdataset\piienv\lib\site-packages\datasets\packaged_modules\json
11/17/2023 07:11:02 - INFO - datasets.builder - Overwrite dataset info from restored data version if exists.
11/17/2023 07:11:02 - INFO - datasets.info - Loading Dataset info from C:\Users\abhishek.shingan\.cache\huggingface\datasets\data\default-595f2d572c9516a3\0.0.0\8bb11242116d547c741b2e8a1f18598ffdd40a1d4f2a2872c7a28b697434bc96
11/17/2023 07:11:02 - INFO - datasets.builder - Found cached dataset data (C:/Users/abhishek.shingan/.cache/huggingface/datasets/data/default-595f2d572c9516a3/0.0.0/8bb11242116d547c741b2e8a1f18598ffdd40a1d4f2a2872c7a28b697434bc96)
11/17/2023 07:11:02 - INFO - datasets.info - Loading Dataset info from C:/Users/abhishek.shingan/.cache/huggingface/datasets/data/default-595f2d572c9516a3/0.0.0/8bb11242116d547c741b2e8a1f18598ffdd40a1d4f2a2872c7a28b697434bc96
11/17/2023 07:11:02 - INFO - __main__ -  ===== Applying PII redaction =====
11/17/2023 07:11:02 - INFO - root - Using the following replacements:
{'EMAIL': ['<EMAIL>'],
 'IP_ADDRESS': {'IPv4': ['172.16.31.10',
                         '172.16.58.3',
                         '172.16.17.32',
                         '192.168.127.12',
                         '192.168.3.11'],
                'IPv6': ['fd00:c2b6:b24b:be67:2827:688d:e6a1:6a3b',
                         'fd00:a516:7c1b:17cd:6d81:2137:bd2a:2c5b',
                         'fc00:e968:6179::de52:7100',
                         'fc00:db20:35b:7399::5',
                         'fdf8:f53e:61e4::18']},
 'KEY': ['<KEY>'],
 'NAME': ['<NAME>'],
 'PASSWORD': ['<PASSWORD>']}
11/17/2023 07:11:02 - WARNING - datasets.arrow_dataset - num_proc must be <= 1. Reducing num_proc to 1 for dataset of size 1.
11/17/2023 07:13:31 - INFO - __main__ - ** The job is running with the following arguments: **
Namespace(dataset_name='data', add_metadata=False, num_load_proc=64, text_column='content', split='train', batch_size=100, seed=0, num_proc=96, no_redaction=False, load_replacements=True, add_reference_text=True, check_all_files=False, check_sampling_size=0, save_mode='local', save_mode_checks='hub', target_dataset='bigcode-pii2', hub_username='loubnabnl', save_path_disk='$LANG-no-pii-local')
 **** 
11/17/2023 07:13:31 - INFO - __main__ -  ===== Loading data =====
11/17/2023 07:13:31 - INFO - datasets.builder - Using custom data configuration default-2a228e061196e1f8
11/17/2023 07:13:31 - INFO - datasets.info - Loading Dataset Infos from C:\codepiiworkingdataset\piienv\lib\site-packages\datasets\packaged_modules\json
11/17/2023 07:13:31 - INFO - datasets.builder - Generating dataset data (C:/Users/abhishek.shingan/.cache/huggingface/datasets/data/default-2a228e061196e1f8/0.0.0/8bb11242116d547c741b2e8a1f18598ffdd40a1d4f2a2872c7a28b697434bc96)
11/17/2023 07:13:31 - INFO - datasets.builder - Downloading and preparing dataset data/default to C:/Users/abhishek.shingan/.cache/huggingface/datasets/data/default-2a228e061196e1f8/0.0.0/8bb11242116d547c741b2e8a1f18598ffdd40a1d4f2a2872c7a28b697434bc96...
11/17/2023 07:13:31 - INFO - datasets.builder - Dataset not on Hf google storage. Downloading and preparing it from source
11/17/2023 07:13:31 - INFO - datasets.download.download_manager - Downloading took 0.0 min
11/17/2023 07:13:31 - INFO - datasets.download.download_manager - Checksum Computation took 0.0 min
11/17/2023 07:13:31 - INFO - datasets.builder - Generating train split
11/17/2023 07:13:31 - WARNING - datasets.builder - Setting num_proc from 64 back to 1 for the train split to disable multiprocessing as it only contains one shard.
11/17/2023 07:13:31 - INFO - datasets.utils.info_utils - Unable to verify splits sizes.
11/17/2023 07:13:31 - INFO - datasets.builder - Dataset data downloaded and prepared to C:/Users/abhishek.shingan/.cache/huggingface/datasets/data/default-2a228e061196e1f8/0.0.0/8bb11242116d547c741b2e8a1f18598ffdd40a1d4f2a2872c7a28b697434bc96. Subsequent calls will reuse this data.
11/17/2023 07:13:31 - INFO - __main__ -  ===== Applying PII redaction =====
11/17/2023 07:13:31 - INFO - root - Using the following replacements:
{'EMAIL': ['<EMAIL>'],
 'IP_ADDRESS': {'IPv4': ['172.16.31.10',
                         '172.16.58.3',
                         '172.16.17.32',
                         '192.168.127.12',
                         '192.168.3.11'],
                'IPv6': ['fd00:c2b6:b24b:be67:2827:688d:e6a1:6a3b',
                         'fd00:a516:7c1b:17cd:6d81:2137:bd2a:2c5b',
                         'fc00:e968:6179::de52:7100',
                         'fc00:db20:35b:7399::5',
                         'fdf8:f53e:61e4::18']},
 'KEY': ['<KEY>'],
 'NAME': ['<NAME>'],
 'PASSWORD': ['<PASSWORD>']}
11/17/2023 07:13:31 - WARNING - datasets.arrow_dataset - num_proc must be <= 1. Reducing num_proc to 1 for dataset of size 1.
11/17/2023 07:18:54 - INFO - __main__ - ** The job is running with the following arguments: **
Namespace(dataset_name='data', add_metadata=False, num_load_proc=64, text_column='content', split='train', batch_size=100, seed=0, num_proc=96, no_redaction=False, load_replacements=True, add_reference_text=True, check_all_files=False, check_sampling_size=0, save_mode='local', save_mode_checks='hub', target_dataset='bigcode-pii2', hub_username='loubnabnl', save_path_disk='$LANG-no-pii-local')
 **** 
11/17/2023 07:18:54 - INFO - __main__ -  ===== Loading data =====
11/17/2023 07:18:54 - INFO - datasets.builder - Using custom data configuration default-2a228e061196e1f8
11/17/2023 07:18:54 - INFO - datasets.info - Loading Dataset Infos from C:\codepiiworkingdataset\piienv\lib\site-packages\datasets\packaged_modules\json
11/17/2023 07:18:54 - INFO - datasets.builder - Overwrite dataset info from restored data version if exists.
11/17/2023 07:18:54 - INFO - datasets.info - Loading Dataset info from C:\Users\abhishek.shingan\.cache\huggingface\datasets\data\default-2a228e061196e1f8\0.0.0\8bb11242116d547c741b2e8a1f18598ffdd40a1d4f2a2872c7a28b697434bc96
11/17/2023 07:18:54 - INFO - datasets.builder - Found cached dataset data (C:/Users/abhishek.shingan/.cache/huggingface/datasets/data/default-2a228e061196e1f8/0.0.0/8bb11242116d547c741b2e8a1f18598ffdd40a1d4f2a2872c7a28b697434bc96)
11/17/2023 07:18:54 - INFO - datasets.info - Loading Dataset info from C:/Users/abhishek.shingan/.cache/huggingface/datasets/data/default-2a228e061196e1f8/0.0.0/8bb11242116d547c741b2e8a1f18598ffdd40a1d4f2a2872c7a28b697434bc96
11/17/2023 07:18:54 - INFO - __main__ -  ===== Applying PII redaction =====
11/17/2023 07:18:54 - INFO - root - Using the following replacements:
{'EMAIL': ['<EMAIL>'],
 'IP_ADDRESS': {'IPv4': ['172.16.31.10',
                         '172.16.58.3',
                         '172.16.17.32',
                         '192.168.127.12',
                         '192.168.3.11'],
                'IPv6': ['fd00:c2b6:b24b:be67:2827:688d:e6a1:6a3b',
                         'fd00:a516:7c1b:17cd:6d81:2137:bd2a:2c5b',
                         'fc00:e968:6179::de52:7100',
                         'fc00:db20:35b:7399::5',
                         'fdf8:f53e:61e4::18']},
 'KEY': ['<KEY>'],
 'NAME': ['<NAME>'],
 'PASSWORD': ['<PASSWORD>']}
11/17/2023 07:18:54 - WARNING - datasets.arrow_dataset - num_proc must be <= 1. Reducing num_proc to 1 for dataset of size 1.
11/17/2023 07:18:54 - INFO - datasets.arrow_dataset - Caching processed dataset at C:\Users\abhishek.shingan\.cache\huggingface\datasets\data\default-2a228e061196e1f8\0.0.0\8bb11242116d547c741b2e8a1f18598ffdd40a1d4f2a2872c7a28b697434bc96\cache-d2f8ccfa23db7713.arrow
11/17/2023 07:20:17 - INFO - __main__ - ** The job is running with the following arguments: **
Namespace(dataset_name='data', add_metadata=False, num_load_proc=64, text_column='content', split='train', batch_size=100, seed=0, num_proc=96, no_redaction=False, load_replacements=True, add_reference_text=True, check_all_files=False, check_sampling_size=0, save_mode='local', save_mode_checks='hub', target_dataset='bigcode-pii2', hub_username='loubnabnl', save_path_disk='$LANG-no-pii-local')
 **** 
11/17/2023 07:20:17 - INFO - __main__ -  ===== Loading data =====
11/17/2023 07:20:17 - INFO - datasets.builder - Using custom data configuration default-2a228e061196e1f8
11/17/2023 07:20:17 - INFO - datasets.info - Loading Dataset Infos from C:\codepiiworkingdataset\piienv\lib\site-packages\datasets\packaged_modules\json
11/17/2023 07:20:17 - INFO - datasets.builder - Overwrite dataset info from restored data version if exists.
11/17/2023 07:20:17 - INFO - datasets.info - Loading Dataset info from C:\Users\abhishek.shingan\.cache\huggingface\datasets\data\default-2a228e061196e1f8\0.0.0\8bb11242116d547c741b2e8a1f18598ffdd40a1d4f2a2872c7a28b697434bc96
11/17/2023 07:20:17 - INFO - datasets.builder - Found cached dataset data (C:/Users/abhishek.shingan/.cache/huggingface/datasets/data/default-2a228e061196e1f8/0.0.0/8bb11242116d547c741b2e8a1f18598ffdd40a1d4f2a2872c7a28b697434bc96)
11/17/2023 07:20:17 - INFO - datasets.info - Loading Dataset info from C:/Users/abhishek.shingan/.cache/huggingface/datasets/data/default-2a228e061196e1f8/0.0.0/8bb11242116d547c741b2e8a1f18598ffdd40a1d4f2a2872c7a28b697434bc96
11/17/2023 07:20:17 - INFO - __main__ -  ===== Applying PII redaction =====
11/17/2023 07:20:17 - INFO - root - Using the following replacements:
{'EMAIL': ['<EMAIL>'],
 'IP_ADDRESS': {'IPv4': ['172.16.31.10',
                         '172.16.58.3',
                         '172.16.17.32',
                         '192.168.127.12',
                         '192.168.3.11'],
                'IPv6': ['fd00:c2b6:b24b:be67:2827:688d:e6a1:6a3b',
                         'fd00:a516:7c1b:17cd:6d81:2137:bd2a:2c5b',
                         'fc00:e968:6179::de52:7100',
                         'fc00:db20:35b:7399::5',
                         'fdf8:f53e:61e4::18']},
 'KEY': ['<KEY>'],
 'NAME': ['<NAME>'],
 'PASSWORD': ['<PASSWORD>']}
11/17/2023 07:20:17 - WARNING - datasets.arrow_dataset - num_proc must be <= 1. Reducing num_proc to 1 for dataset of size 1.
11/17/2023 07:20:17 - INFO - datasets.arrow_dataset - Caching processed dataset at C:\Users\abhishek.shingan\.cache\huggingface\datasets\data\default-2a228e061196e1f8\0.0.0\8bb11242116d547c741b2e8a1f18598ffdd40a1d4f2a2872c7a28b697434bc96\cache-d2f8ccfa23db7713.arrow
11/17/2023 07:21:49 - INFO - __main__ - ** The job is running with the following arguments: **
Namespace(dataset_name='data', add_metadata=False, num_load_proc=64, text_column='content', split='train', batch_size=100, seed=0, num_proc=96, no_redaction=False, load_replacements=True, add_reference_text=True, check_all_files=False, check_sampling_size=0, save_mode='local', save_mode_checks='hub', target_dataset='bigcode-pii2', hub_username='loubnabnl', save_path_disk='$LANG-no-pii-local')
 **** 
11/17/2023 07:21:49 - INFO - __main__ -  ===== Loading data =====
11/17/2023 07:21:49 - INFO - datasets.builder - Using custom data configuration default-72ef16022804ae0a
11/17/2023 07:21:49 - INFO - datasets.info - Loading Dataset Infos from C:\codepiiworkingdataset\piienv\lib\site-packages\datasets\packaged_modules\json
11/17/2023 07:21:49 - INFO - datasets.builder - Generating dataset data (C:/Users/abhishek.shingan/.cache/huggingface/datasets/data/default-72ef16022804ae0a/0.0.0/8bb11242116d547c741b2e8a1f18598ffdd40a1d4f2a2872c7a28b697434bc96)
11/17/2023 07:21:49 - INFO - datasets.builder - Downloading and preparing dataset data/default to C:/Users/abhishek.shingan/.cache/huggingface/datasets/data/default-72ef16022804ae0a/0.0.0/8bb11242116d547c741b2e8a1f18598ffdd40a1d4f2a2872c7a28b697434bc96...
11/17/2023 07:21:50 - INFO - datasets.builder - Dataset not on Hf google storage. Downloading and preparing it from source
11/17/2023 07:21:50 - INFO - datasets.download.download_manager - Downloading took 0.0 min
11/17/2023 07:21:50 - INFO - datasets.download.download_manager - Checksum Computation took 0.0 min
11/17/2023 07:21:50 - INFO - datasets.builder - Generating train split
11/17/2023 07:21:50 - WARNING - datasets.builder - Setting num_proc from 64 back to 1 for the train split to disable multiprocessing as it only contains one shard.
11/17/2023 07:21:50 - INFO - datasets.utils.info_utils - Unable to verify splits sizes.
11/17/2023 07:21:50 - INFO - datasets.builder - Dataset data downloaded and prepared to C:/Users/abhishek.shingan/.cache/huggingface/datasets/data/default-72ef16022804ae0a/0.0.0/8bb11242116d547c741b2e8a1f18598ffdd40a1d4f2a2872c7a28b697434bc96. Subsequent calls will reuse this data.
11/17/2023 07:21:50 - INFO - __main__ -  ===== Applying PII redaction =====
11/17/2023 07:21:50 - INFO - root - Using the following replacements:
{'EMAIL': ['<EMAIL>'],
 'IP_ADDRESS': {'IPv4': ['172.16.31.10',
                         '172.16.58.3',
                         '172.16.17.32',
                         '192.168.127.12',
                         '192.168.3.11'],
                'IPv6': ['fd00:c2b6:b24b:be67:2827:688d:e6a1:6a3b',
                         'fd00:a516:7c1b:17cd:6d81:2137:bd2a:2c5b',
                         'fc00:e968:6179::de52:7100',
                         'fc00:db20:35b:7399::5',
                         'fdf8:f53e:61e4::18']},
 'KEY': ['<KEY>'],
 'NAME': ['<NAME>'],
 'PASSWORD': ['<PASSWORD>']}
11/17/2023 07:21:50 - WARNING - datasets.arrow_dataset - num_proc must be <= 1. Reducing num_proc to 1 for dataset of size 1.
11/17/2023 07:21:50 - INFO - datasets.arrow_dataset - Caching processed dataset at C:\Users\abhishek.shingan\.cache\huggingface\datasets\data\default-72ef16022804ae0a\0.0.0\8bb11242116d547c741b2e8a1f18598ffdd40a1d4f2a2872c7a28b697434bc96\cache-30336e076ed7a285.arrow
11/17/2023 07:23:32 - INFO - __main__ - ** The job is running with the following arguments: **
Namespace(dataset_name='data', add_metadata=False, num_load_proc=64, text_column='content', split='train', batch_size=100, seed=0, num_proc=96, no_redaction=False, load_replacements=True, add_reference_text=True, check_all_files=False, check_sampling_size=0, save_mode='local', save_mode_checks='hub', target_dataset='bigcode-pii2', hub_username='loubnabnl', save_path_disk='$LANG-no-pii-local')
 **** 
11/17/2023 07:23:32 - INFO - __main__ -  ===== Loading data =====
11/17/2023 07:23:32 - INFO - datasets.builder - Using custom data configuration default-f20f9f210c1171ad
11/17/2023 07:23:32 - INFO - datasets.info - Loading Dataset Infos from C:\codepiiworkingdataset\piienv\lib\site-packages\datasets\packaged_modules\json
11/17/2023 07:23:32 - INFO - datasets.builder - Generating dataset data (C:/Users/abhishek.shingan/.cache/huggingface/datasets/data/default-f20f9f210c1171ad/0.0.0/8bb11242116d547c741b2e8a1f18598ffdd40a1d4f2a2872c7a28b697434bc96)
11/17/2023 07:23:32 - INFO - datasets.builder - Downloading and preparing dataset data/default to C:/Users/abhishek.shingan/.cache/huggingface/datasets/data/default-f20f9f210c1171ad/0.0.0/8bb11242116d547c741b2e8a1f18598ffdd40a1d4f2a2872c7a28b697434bc96...
11/17/2023 07:23:32 - INFO - datasets.builder - Dataset not on Hf google storage. Downloading and preparing it from source
11/17/2023 07:23:32 - INFO - datasets.download.download_manager - Downloading took 0.0 min
11/17/2023 07:23:32 - INFO - datasets.download.download_manager - Checksum Computation took 0.0 min
11/17/2023 07:23:32 - INFO - datasets.builder - Generating train split
11/17/2023 07:23:32 - WARNING - datasets.builder - Setting num_proc from 64 back to 1 for the train split to disable multiprocessing as it only contains one shard.
11/17/2023 07:23:32 - INFO - datasets.utils.info_utils - Unable to verify splits sizes.
11/17/2023 07:23:32 - INFO - datasets.builder - Dataset data downloaded and prepared to C:/Users/abhishek.shingan/.cache/huggingface/datasets/data/default-f20f9f210c1171ad/0.0.0/8bb11242116d547c741b2e8a1f18598ffdd40a1d4f2a2872c7a28b697434bc96. Subsequent calls will reuse this data.
11/17/2023 07:23:32 - INFO - __main__ -  ===== Applying PII redaction =====
11/17/2023 07:23:32 - INFO - root - Using the following replacements:
{'EMAIL': ['<EMAIL>'],
 'IP_ADDRESS': {'IPv4': ['172.16.31.10',
                         '172.16.58.3',
                         '172.16.17.32',
                         '192.168.127.12',
                         '192.168.3.11'],
                'IPv6': ['fd00:c2b6:b24b:be67:2827:688d:e6a1:6a3b',
                         'fd00:a516:7c1b:17cd:6d81:2137:bd2a:2c5b',
                         'fc00:e968:6179::de52:7100',
                         'fc00:db20:35b:7399::5',
                         'fdf8:f53e:61e4::18']},
 'KEY': ['<KEY>'],
 'NAME': ['<NAME>'],
 'PASSWORD': ['<PASSWORD>']}
11/17/2023 07:23:32 - WARNING - datasets.arrow_dataset - num_proc must be <= 2. Reducing num_proc to 2 for dataset of size 2.
11/17/2023 07:23:32 - INFO - datasets.arrow_dataset - Process #0 will write at C:\Users\abhishek.shingan\.cache\huggingface\datasets\data\default-f20f9f210c1171ad\0.0.0\8bb11242116d547c741b2e8a1f18598ffdd40a1d4f2a2872c7a28b697434bc96\cache-6b85daca6157946e_00000_of_00002.arrow
11/17/2023 07:23:32 - INFO - datasets.arrow_dataset - Process #1 will write at C:\Users\abhishek.shingan\.cache\huggingface\datasets\data\default-f20f9f210c1171ad\0.0.0\8bb11242116d547c741b2e8a1f18598ffdd40a1d4f2a2872c7a28b697434bc96\cache-6b85daca6157946e_00001_of_00002.arrow
11/17/2023 07:23:32 - INFO - datasets.arrow_dataset - Spawning 2 processes
11/17/2023 07:25:58 - INFO - __main__ - ** The job is running with the following arguments: **
Namespace(dataset_name='data', add_metadata=False, num_load_proc=64, text_column='content', split='train', batch_size=100, seed=0, num_proc=96, no_redaction=False, load_replacements=True, add_reference_text=True, check_all_files=False, check_sampling_size=0, save_mode='local', save_mode_checks='hub', target_dataset='bigcode-pii2', hub_username='loubnabnl', save_path_disk='$LANG-no-pii-local')
 **** 
11/17/2023 07:25:58 - INFO - __main__ -  ===== Loading data =====
11/17/2023 07:25:58 - INFO - datasets.builder - Using custom data configuration default-f20f9f210c1171ad
11/17/2023 07:25:58 - INFO - datasets.info - Loading Dataset Infos from C:\codepiiworkingdataset\piienv\lib\site-packages\datasets\packaged_modules\json
11/17/2023 07:25:58 - INFO - datasets.builder - Overwrite dataset info from restored data version if exists.
11/17/2023 07:25:58 - INFO - datasets.info - Loading Dataset info from C:\Users\abhishek.shingan\.cache\huggingface\datasets\data\default-f20f9f210c1171ad\0.0.0\8bb11242116d547c741b2e8a1f18598ffdd40a1d4f2a2872c7a28b697434bc96
11/17/2023 07:25:58 - INFO - datasets.builder - Found cached dataset data (C:/Users/abhishek.shingan/.cache/huggingface/datasets/data/default-f20f9f210c1171ad/0.0.0/8bb11242116d547c741b2e8a1f18598ffdd40a1d4f2a2872c7a28b697434bc96)
11/17/2023 07:25:58 - INFO - datasets.info - Loading Dataset info from C:/Users/abhishek.shingan/.cache/huggingface/datasets/data/default-f20f9f210c1171ad/0.0.0/8bb11242116d547c741b2e8a1f18598ffdd40a1d4f2a2872c7a28b697434bc96
11/17/2023 07:25:58 - INFO - __main__ -  ===== Applying PII redaction =====
11/17/2023 07:25:58 - INFO - root - Using the following replacements:
{'EMAIL': ['<EMAIL>'],
 'IP_ADDRESS': {'IPv4': ['172.16.31.10',
                         '172.16.58.3',
                         '172.16.17.32',
                         '192.168.127.12',
                         '192.168.3.11'],
                'IPv6': ['fd00:c2b6:b24b:be67:2827:688d:e6a1:6a3b',
                         'fd00:a516:7c1b:17cd:6d81:2137:bd2a:2c5b',
                         'fc00:e968:6179::de52:7100',
                         'fc00:db20:35b:7399::5',
                         'fdf8:f53e:61e4::18']},
 'KEY': ['<KEY>'],
 'NAME': ['<NAME>'],
 'PASSWORD': ['<PASSWORD>']}
11/17/2023 07:25:58 - WARNING - datasets.arrow_dataset - num_proc must be <= 2. Reducing num_proc to 2 for dataset of size 2.
11/17/2023 07:25:58 - INFO - datasets.arrow_dataset - Process #0 will write at C:\Users\abhishek.shingan\.cache\huggingface\datasets\data\default-f20f9f210c1171ad\0.0.0\8bb11242116d547c741b2e8a1f18598ffdd40a1d4f2a2872c7a28b697434bc96\cache-6b85daca6157946e_00000_of_00002.arrow
11/17/2023 07:25:58 - INFO - datasets.arrow_dataset - Process #1 will write at C:\Users\abhishek.shingan\.cache\huggingface\datasets\data\default-f20f9f210c1171ad\0.0.0\8bb11242116d547c741b2e8a1f18598ffdd40a1d4f2a2872c7a28b697434bc96\cache-6b85daca6157946e_00001_of_00002.arrow
11/17/2023 07:25:58 - INFO - datasets.arrow_dataset - Spawning 2 processes
11/17/2023 07:28:50 - INFO - __main__ - ** The job is running with the following arguments: **
Namespace(dataset_name='data', add_metadata=False, num_load_proc=64, text_column='content', split='train', batch_size=100, seed=0, num_proc=96, no_redaction=False, load_replacements=True, add_reference_text=True, check_all_files=False, check_sampling_size=0, save_mode='local', save_mode_checks='hub', target_dataset='bigcode-pii2', hub_username='loubnabnl', save_path_disk='$LANG-no-pii-local')
 **** 
11/17/2023 07:28:50 - INFO - __main__ -  ===== Loading data =====
11/17/2023 07:28:50 - INFO - datasets.builder - Using custom data configuration default-8da3a1fce936d4dc
11/17/2023 07:28:50 - INFO - datasets.info - Loading Dataset Infos from C:\codepiiworkingdataset\piienv\lib\site-packages\datasets\packaged_modules\json
11/17/2023 07:28:50 - INFO - datasets.builder - Generating dataset data (C:/Users/abhishek.shingan/.cache/huggingface/datasets/data/default-8da3a1fce936d4dc/0.0.0/8bb11242116d547c741b2e8a1f18598ffdd40a1d4f2a2872c7a28b697434bc96)
11/17/2023 07:28:50 - INFO - datasets.builder - Downloading and preparing dataset data/default to C:/Users/abhishek.shingan/.cache/huggingface/datasets/data/default-8da3a1fce936d4dc/0.0.0/8bb11242116d547c741b2e8a1f18598ffdd40a1d4f2a2872c7a28b697434bc96...
11/17/2023 07:28:50 - INFO - datasets.builder - Dataset not on Hf google storage. Downloading and preparing it from source
11/17/2023 07:28:50 - INFO - datasets.download.download_manager - Downloading took 0.0 min
11/17/2023 07:28:50 - INFO - datasets.download.download_manager - Checksum Computation took 0.0 min
11/17/2023 07:28:50 - INFO - datasets.builder - Generating train split
11/17/2023 07:28:50 - WARNING - datasets.builder - Setting num_proc from 64 back to 1 for the train split to disable multiprocessing as it only contains one shard.
11/17/2023 07:28:50 - INFO - datasets.utils.info_utils - Unable to verify splits sizes.
11/17/2023 07:28:50 - INFO - datasets.builder - Dataset data downloaded and prepared to C:/Users/abhishek.shingan/.cache/huggingface/datasets/data/default-8da3a1fce936d4dc/0.0.0/8bb11242116d547c741b2e8a1f18598ffdd40a1d4f2a2872c7a28b697434bc96. Subsequent calls will reuse this data.
11/17/2023 07:28:50 - INFO - __main__ -  ===== Applying PII redaction =====
11/17/2023 07:28:50 - INFO - root - Using the following replacements:
{'EMAIL': ['<EMAIL>'],
 'IP_ADDRESS': {'IPv4': ['172.16.31.10',
                         '172.16.58.3',
                         '172.16.17.32',
                         '192.168.127.12',
                         '192.168.3.11'],
                'IPv6': ['fd00:c2b6:b24b:be67:2827:688d:e6a1:6a3b',
                         'fd00:a516:7c1b:17cd:6d81:2137:bd2a:2c5b',
                         'fc00:e968:6179::de52:7100',
                         'fc00:db20:35b:7399::5',
                         'fdf8:f53e:61e4::18']},
 'KEY': ['<KEY>'],
 'NAME': ['<NAME>'],
 'PASSWORD': ['<PASSWORD>']}
11/17/2023 07:28:50 - WARNING - datasets.arrow_dataset - num_proc must be <= 4. Reducing num_proc to 4 for dataset of size 4.
11/17/2023 07:28:50 - INFO - datasets.arrow_dataset - Process #0 will write at C:\Users\abhishek.shingan\.cache\huggingface\datasets\data\default-8da3a1fce936d4dc\0.0.0\8bb11242116d547c741b2e8a1f18598ffdd40a1d4f2a2872c7a28b697434bc96\cache-9a672648aafe687c_00000_of_00004.arrow
11/17/2023 07:28:50 - INFO - datasets.arrow_dataset - Process #1 will write at C:\Users\abhishek.shingan\.cache\huggingface\datasets\data\default-8da3a1fce936d4dc\0.0.0\8bb11242116d547c741b2e8a1f18598ffdd40a1d4f2a2872c7a28b697434bc96\cache-9a672648aafe687c_00001_of_00004.arrow
11/17/2023 07:28:50 - INFO - datasets.arrow_dataset - Process #2 will write at C:\Users\abhishek.shingan\.cache\huggingface\datasets\data\default-8da3a1fce936d4dc\0.0.0\8bb11242116d547c741b2e8a1f18598ffdd40a1d4f2a2872c7a28b697434bc96\cache-9a672648aafe687c_00002_of_00004.arrow
11/17/2023 07:28:50 - INFO - datasets.arrow_dataset - Process #3 will write at C:\Users\abhishek.shingan\.cache\huggingface\datasets\data\default-8da3a1fce936d4dc\0.0.0\8bb11242116d547c741b2e8a1f18598ffdd40a1d4f2a2872c7a28b697434bc96\cache-9a672648aafe687c_00003_of_00004.arrow
11/17/2023 07:28:50 - INFO - datasets.arrow_dataset - Spawning 4 processes
